-- Catapult University Version: Report                                              
-- ---------------------------- ---------------------------------------------------
-- Version:                     2011a.126 Production Release                        
-- Build Date:                  Wed Aug  8 00:52:07 PDT 2012                        
                                                                                    
-- Generated by:                lb3314@EEWS304-017                                  
-- Generated date:              Thu May 14 19:24:01 +0100 2015                      

Solution Settings: is_pixel_match.v40
  Current state: extract
  Project: Catapult
  
  Design Input Files Specified
    $PROJECT_HOME/color_summer.c
      $MGC_HOME/shared/include/ac_fixed.h
        $MGC_HOME/shared/include/ac_int.h
      $PROJECT_HOME/shift_class.h
  
  Processes/Blocks in Design
    Process              Real Operation(s) count Latency Throughput Reset Length II Comments 
    -------------------- ----------------------- ------- ---------- ------------ -- --------
    /is_pixel_match/core                      48       1          1            0  1          
    Design Total:                             48       1          1            0  1          
    
  Bill Of Materials (Datapath)
    Component Name                          Area Score Area(LCs) Area(LUTs) Delay Post Alloc Post Assign 
    --------------------------------------- ---------- --------- ---------- ----- ---------- -----------
    [Lib: mgc_Altera-Cyclone-III-6_beh_psr]                                                              
    mgc_add(11,0,8,1,11)                        12.000     0.000     12.000 1.374          1           1 
    mgc_add(12,0,11,0,12)                       13.228     0.000     13.228 1.436          6           6 
    mgc_add(8,0,6,1,8)                           9.000     0.000      9.000 1.167          1           1 
    mgc_add(9,0,6,1,9)                          10.000     0.000     10.000 1.239          1           1 
    mgc_add(9,0,9,0,9)                          10.250     0.000     10.250 1.233          1           1 
    mgc_and(1,2)                                 0.730     0.000      0.730 0.263          0           1 
    mgc_and(1,4)                                 1.379     0.000      1.379 0.525          0           1 
    mgc_and(8,2)                                 5.839     0.000      5.839 0.263          2           0 
    mgc_and(8,3)                                 8.436     0.000      8.436 0.416          0           1 
    mgc_equal(10)                                7.435     0.000      7.435 1.337          2           2 
    mgc_mux(10,1,2)                              9.194     0.000      9.194 0.369          5           5 
    mgc_nor(1,2)                                 0.730     0.000      0.730 0.263          0           1 
    mgc_not(1)                                   0.000     0.000      0.000 0.000          0           6 
    mgc_not(10)                                  0.000     0.000      0.000 0.000          0           6 
    mgc_not(2)                                   0.000     0.000      0.000 0.000          0           1 
    mgc_not(8)                                   0.000     0.000      0.000 0.000          0           2 
    mgc_not(9)                                   0.000     0.000      0.000 0.000          0           2 
    mgc_reg_pos(1,1,0,0,0,1,1)                   0.000     0.000      0.000 0.000          0           2 
    mgc_reg_pos(10,1,0,0,0,1,1)                  0.000     0.000      0.000 0.000          0           3 
    mgc_reg_pos(8,1,0,0,0,1,1)                   0.000     0.000      0.000 0.000          0           1 
    [Lib: mgc_ioport]                                                                                    
    mgc_in_wire(1,30)                            0.000     0.000      0.000 0.000          1           1 
    mgc_in_wire(3,20)                            0.000     0.000      0.000 0.000          1           1 
    mgc_in_wire(4,20)                            0.000     0.000      0.000 0.000          1           1 
    mgc_out_stdreg(2,30)                         0.000     0.000      0.000 0.000          1           1 
    mgc_out_stdreg(5,8)                          0.000     0.000      0.000 0.000          1           1 
    mgc_out_stdreg(6,2)                          0.000     0.000      0.000 0.000          1           1 
    mgc_out_stdreg(7,2)                          0.000     0.000      0.000 0.000          1           1 
                                                                                                         
    TOTAL AREA (After Assignment):             192.731     0.000    193.000                              
    
  Area Scores
                      Post-Scheduling  Post-DP & FSM Post-Assignment 
    ----------------- --------------- -------------- ---------------
    Total Area Score:    193.1          189.5           192.7        
    Total Reg:             0.0            0.0             0.0        
                                                                     
    DataPath:            193.1 (100%)   189.5 (100%)    192.7 (100%) 
      MUX:                46.0  (24%)    46.0  (24%)     46.0  (24%) 
      FUNC:              135.5  (70%)   135.5  (72%)    135.5  (70%) 
      LOGIC:              11.7   (6%)     8.0   (4%)     11.3   (6%) 
      BUFFER:              0.0            0.0             0.0        
      MEM:                 0.0            0.0             0.0        
      ROM:                 0.0            0.0             0.0        
      REG:                 0.0            0.0             0.0        
                                                                     
    
    FSM:                   0.0            0.0             0.0        
      FSM-REG:             0.0            0.0             0.0        
      FSM-COMB:            0.0            0.0             0.0        
                                                                     
    
  Register-to-Variable Mappings
    Register                                  Size(bits) Gated Register CG Opt Done Variables                                             
    ----------------------------------------- ---------- -------------- ----------- -----------------------------------------------------
    reg(video_out:rsc:mgc_out_stdreg.d).tmp           10         Y                  reg(video_out:rsc:mgc_out_stdreg.d).tmp               
    reg(video_out:rsc:mgc_out_stdreg.d).tmp#1         10         Y                  reg(video_out:rsc:mgc_out_stdreg.d).tmp#1             
    reg(video_out:rsc:mgc_out_stdreg.d).tmp#2         10         Y                  reg(video_out:rsc:mgc_out_stdreg.d).tmp#2             
    o_x:rsc:mgc_out_stdreg.d                           8         Y                  o_x:rsc:mgc_out_stdreg.d                              
    reg(counter:rsc:mgc_out_stdreg.d).reg              1         Y                  reg(counter:rsc:mgc_out_stdreg.d).reg                 
    reg(do_calc:rsc:mgc_out_stdreg.d).reg              1         Y                  reg(do_calc:rsc:mgc_out_stdreg.d).reg                 
                                                                                                                                          
    Total:                                            40             40           0 (Total Gating Ratio: 1.00, CG Opt Gating Ratio: 0.00) 
    
  Timing Report
    Critical Path
      Max Delay:  5.399624
      Slack:      14.600376
      
      Path                                                         Startpoint                                     Endpoint                                                  Delay  Slack   
      ------------------------------------------------------------ ---------------------------------------------- --------------------------------------------------------- ------ -------
      1                                                            is_pixel_match:core/video_in:rsc:mgc_in_wire.d is_pixel_match:core/reg(o_x:rsc:mgc_out_stdreg.d)         5.3996 14.6004 
                                                                                                                                                                                           
        Instance                                                   Component                                                                                                Delta  Delay   
        --------                                                   ---------                                                                                                -----  -----   
        is_pixel_match:core/video_in:rsc:mgc_in_wire.d                                                                                                                      0.0000 0.0000  
        is_pixel_match:core/slc(video_in:rsc:mgc_in_wire.d)#1                                                                                                               0.0000 0.0000  
        is_pixel_match:core/slc(video_in:rsc:mgc_in_wire.d)#1.itm                                                                                                           0.0000 0.0000  
        is_pixel_match:core/conc#35                                                                                                                                         0.0000 0.0000  
        is_pixel_match:core/conc#35.itm                                                                                                                                     0.0000 0.0000  
        is_pixel_match:core/if:acc                                 mgc_add_12_0_11_0_12                                                                                     1.4360 1.4360  
        is_pixel_match:core/if:acc.itm                                                                                                                                      0.0000 1.4360  
        is_pixel_match:core/if:slc                                                                                                                                          0.0000 1.4360  
        is_pixel_match:core/if:slc.itm                                                                                                                                      0.0000 1.4360  
        is_pixel_match:core/mux                                    mgc_mux_10_1_2                                                                                           0.3690 1.8049  
        is_pixel_match:core/luma.lpi.dfm:mx0                                                                                                                                0.0000 1.8049  
        is_pixel_match:core/conc#33                                                                                                                                         0.0000 1.8049  
        is_pixel_match:core/conc#33.itm                                                                                                                                     0.0000 1.8049  
        is_pixel_match:core/if#1:acc                               mgc_add_12_0_11_0_12                                                                                     1.4360 3.2409  
        is_pixel_match:core/if#1:acc.itm                                                                                                                                    0.0000 3.2409  
        is_pixel_match:core/if#1:slc                                                                                                                                        0.0000 3.2409  
        is_pixel_match:core/if#1:slc.itm                                                                                                                                    0.0000 3.2409  
        is_pixel_match:core/mux#1                                  mgc_mux_10_1_2                                                                                           0.3690 3.6098  
        is_pixel_match:core/mux#1.itm                                                                                                                                       0.0000 3.6098  
        is_pixel_match:core/if#2:not#1                             mgc_not_10                                                                                               0.0000 3.6098  
        is_pixel_match:core/if#2:not#1.itm                                                                                                                                  0.0000 3.6098  
        is_pixel_match:core/conc#32                                                                                                                                         0.0000 3.6098  
        is_pixel_match:core/conc#32.itm                                                                                                                                     0.0000 3.6098  
        is_pixel_match:core/if#2:acc                               mgc_add_11_0_8_1_11                                                                                      1.3737 4.9836  
        is_pixel_match:core/if#2:acc.itm                                                                                                                                    0.0000 4.9836  
        is_pixel_match:core/if#2:slc                                                                                                                                        0.0000 4.9836  
        is_pixel_match:core/if#2:slc.mdf.sva                                                                                                                                0.0000 4.9836  
        is_pixel_match:core/if#2:not#5                             mgc_not_1                                                                                                0.0000 4.9836  
        is_pixel_match:core/if#2:not#5.itm                                                                                                                                  0.0000 4.9836  
        is_pixel_match:core/if#2:exs#3                                                                                                                                      0.0000 4.9836  
        is_pixel_match:core/if#2:exs#3.itm                                                                                                                                  0.0000 4.9836  
        is_pixel_match:core/and                                    mgc_and_8_3                                                                                              0.4161 5.3996  
        is_pixel_match:core/and.itm                                                                                                                                         0.0000 5.3996  
        is_pixel_match:core/reg(o_x:rsc:mgc_out_stdreg.d)          mgc_reg_pos_8_1_0_0_0_1_1                                                                                0.0000 5.3996  
                                                                                                                                                                                           
      2                                                            is_pixel_match:core/video_in:rsc:mgc_in_wire.d is_pixel_match:core/reg(o_x:rsc:mgc_out_stdreg.d)         5.3996 14.6004 
                                                                                                                                                                                           
        Instance                                                   Component                                                                                                Delta  Delay   
        --------                                                   ---------                                                                                                -----  -----   
        is_pixel_match:core/video_in:rsc:mgc_in_wire.d                                                                                                                      0.0000 0.0000  
        is_pixel_match:core/slc(video_in:rsc:mgc_in_wire.d)#2                                                                                                               0.0000 0.0000  
        is_pixel_match:core/slc(video_in:rsc:mgc_in_wire.d)#2.itm                                                                                                           0.0000 0.0000  
        is_pixel_match:core/not#1                                  mgc_not_10                                                                                               0.0000 0.0000  
        is_pixel_match:core/not#1.itm                                                                                                                                       0.0000 0.0000  
        is_pixel_match:core/conc#36                                                                                                                                         0.0000 0.0000  
        is_pixel_match:core/conc#36.itm                                                                                                                                     0.0000 0.0000  
        is_pixel_match:core/if:acc                                 mgc_add_12_0_11_0_12                                                                                     1.4360 1.4360  
        is_pixel_match:core/if:acc.itm                                                                                                                                      0.0000 1.4360  
        is_pixel_match:core/if:slc                                                                                                                                          0.0000 1.4360  
        is_pixel_match:core/if:slc.itm                                                                                                                                      0.0000 1.4360  
        is_pixel_match:core/mux                                    mgc_mux_10_1_2                                                                                           0.3690 1.8049  
        is_pixel_match:core/luma.lpi.dfm:mx0                                                                                                                                0.0000 1.8049  
        is_pixel_match:core/conc#33                                                                                                                                         0.0000 1.8049  
        is_pixel_match:core/conc#33.itm                                                                                                                                     0.0000 1.8049  
        is_pixel_match:core/if#1:acc                               mgc_add_12_0_11_0_12                                                                                     1.4360 3.2409  
        is_pixel_match:core/if#1:acc.itm                                                                                                                                    0.0000 3.2409  
        is_pixel_match:core/if#1:slc                                                                                                                                        0.0000 3.2409  
        is_pixel_match:core/if#1:slc.itm                                                                                                                                    0.0000 3.2409  
        is_pixel_match:core/mux#1                                  mgc_mux_10_1_2                                                                                           0.3690 3.6098  
        is_pixel_match:core/mux#1.itm                                                                                                                                       0.0000 3.6098  
        is_pixel_match:core/if#2:not#1                             mgc_not_10                                                                                               0.0000 3.6098  
        is_pixel_match:core/if#2:not#1.itm                                                                                                                                  0.0000 3.6098  
        is_pixel_match:core/conc#32                                                                                                                                         0.0000 3.6098  
        is_pixel_match:core/conc#32.itm                                                                                                                                     0.0000 3.6098  
        is_pixel_match:core/if#2:acc                               mgc_add_11_0_8_1_11                                                                                      1.3737 4.9836  
        is_pixel_match:core/if#2:acc.itm                                                                                                                                    0.0000 4.9836  
        is_pixel_match:core/if#2:slc                                                                                                                                        0.0000 4.9836  
        is_pixel_match:core/if#2:slc.mdf.sva                                                                                                                                0.0000 4.9836  
        is_pixel_match:core/if#2:not#5                             mgc_not_1                                                                                                0.0000 4.9836  
        is_pixel_match:core/if#2:not#5.itm                                                                                                                                  0.0000 4.9836  
        is_pixel_match:core/if#2:exs#3                                                                                                                                      0.0000 4.9836  
        is_pixel_match:core/if#2:exs#3.itm                                                                                                                                  0.0000 4.9836  
        is_pixel_match:core/and                                    mgc_and_8_3                                                                                              0.4161 5.3996  
        is_pixel_match:core/and.itm                                                                                                                                         0.0000 5.3996  
        is_pixel_match:core/reg(o_x:rsc:mgc_out_stdreg.d)          mgc_reg_pos_8_1_0_0_0_1_1                                                                                0.0000 5.3996  
                                                                                                                                                                                           
      3                                                            is_pixel_match:core/video_in:rsc:mgc_in_wire.d is_pixel_match:core/reg(video_out:rsc:mgc_out_stdreg.d)#2 5.3525 14.6475 
                                                                                                                                                                                           
        Instance                                                   Component                                                                                                Delta  Delay   
        --------                                                   ---------                                                                                                -----  -----   
        is_pixel_match:core/video_in:rsc:mgc_in_wire.d                                                                                                                      0.0000 0.0000  
        is_pixel_match:core/slc(video_in:rsc:mgc_in_wire.d)#1                                                                                                               0.0000 0.0000  
        is_pixel_match:core/slc(video_in:rsc:mgc_in_wire.d)#1.itm                                                                                                           0.0000 0.0000  
        is_pixel_match:core/conc#35                                                                                                                                         0.0000 0.0000  
        is_pixel_match:core/conc#35.itm                                                                                                                                     0.0000 0.0000  
        is_pixel_match:core/if:acc                                 mgc_add_12_0_11_0_12                                                                                     1.4360 1.4360  
        is_pixel_match:core/if:acc.itm                                                                                                                                      0.0000 1.4360  
        is_pixel_match:core/if:slc                                                                                                                                          0.0000 1.4360  
        is_pixel_match:core/if:slc.itm                                                                                                                                      0.0000 1.4360  
        is_pixel_match:core/mux                                    mgc_mux_10_1_2                                                                                           0.3690 1.8049  
        is_pixel_match:core/luma.lpi.dfm:mx0                                                                                                                                0.0000 1.8049  
        is_pixel_match:core/conc#33                                                                                                                                         0.0000 1.8049  
        is_pixel_match:core/conc#33.itm                                                                                                                                     0.0000 1.8049  
        is_pixel_match:core/if#1:acc                               mgc_add_12_0_11_0_12                                                                                     1.4360 3.2409  
        is_pixel_match:core/if#1:acc.itm                                                                                                                                    0.0000 3.2409  
        is_pixel_match:core/if#1:slc                                                                                                                                        0.0000 3.2409  
        is_pixel_match:core/if#1:slc.itm                                                                                                                                    0.0000 3.2409  
        is_pixel_match:core/mux#1                                  mgc_mux_10_1_2                                                                                           0.3690 3.6098  
        is_pixel_match:core/mux#1.itm                                                                                                                                       0.0000 3.6098  
        is_pixel_match:core/if#2:not#1                             mgc_not_10                                                                                               0.0000 3.6098  
        is_pixel_match:core/if#2:not#1.itm                                                                                                                                  0.0000 3.6098  
        is_pixel_match:core/conc#32                                                                                                                                         0.0000 3.6098  
        is_pixel_match:core/conc#32.itm                                                                                                                                     0.0000 3.6098  
        is_pixel_match:core/if#2:acc                               mgc_add_11_0_8_1_11                                                                                      1.3737 4.9836  
        is_pixel_match:core/if#2:acc.itm                                                                                                                                    0.0000 4.9836  
        is_pixel_match:core/if#2:slc                                                                                                                                        0.0000 4.9836  
        is_pixel_match:core/if#2:slc.mdf.sva                                                                                                                                0.0000 4.9836  
        is_pixel_match:core/if#2:not#6                             mgc_not_1                                                                                                0.0000 4.9836  
        is_pixel_match:core/if#2:not#6.itm                                                                                                                                  0.0000 4.9836  
        is_pixel_match:core/if#2:exs#4                                                                                                                                      0.0000 4.9836  
        is_pixel_match:core/if#2:exs#4.itm                                                                                                                                  0.0000 4.9836  
        is_pixel_match:core/mux#4                                  mgc_mux_10_1_2                                                                                           0.3690 5.3525  
        is_pixel_match:core/mux#4.itm                                                                                                                                       0.0000 5.3525  
        is_pixel_match:core/reg(video_out:rsc:mgc_out_stdreg.d)#2  mgc_reg_pos_10_1_0_0_0_1_1                                                                               0.0000 5.3525  
                                                                                                                                                                                           
      4                                                            is_pixel_match:core/video_in:rsc:mgc_in_wire.d is_pixel_match:core/reg(video_out:rsc:mgc_out_stdreg.d)#1 5.3525 14.6475 
                                                                                                                                                                                           
        Instance                                                   Component                                                                                                Delta  Delay   
        --------                                                   ---------                                                                                                -----  -----   
        is_pixel_match:core/video_in:rsc:mgc_in_wire.d                                                                                                                      0.0000 0.0000  
        is_pixel_match:core/slc(video_in:rsc:mgc_in_wire.d)#1                                                                                                               0.0000 0.0000  
        is_pixel_match:core/slc(video_in:rsc:mgc_in_wire.d)#1.itm                                                                                                           0.0000 0.0000  
        is_pixel_match:core/conc#35                                                                                                                                         0.0000 0.0000  
        is_pixel_match:core/conc#35.itm                                                                                                                                     0.0000 0.0000  
        is_pixel_match:core/if:acc                                 mgc_add_12_0_11_0_12                                                                                     1.4360 1.4360  
        is_pixel_match:core/if:acc.itm                                                                                                                                      0.0000 1.4360  
        is_pixel_match:core/if:slc                                                                                                                                          0.0000 1.4360  
        is_pixel_match:core/if:slc.itm                                                                                                                                      0.0000 1.4360  
        is_pixel_match:core/mux                                    mgc_mux_10_1_2                                                                                           0.3690 1.8049  
        is_pixel_match:core/luma.lpi.dfm:mx0                                                                                                                                0.0000 1.8049  
        is_pixel_match:core/conc#33                                                                                                                                         0.0000 1.8049  
        is_pixel_match:core/conc#33.itm                                                                                                                                     0.0000 1.8049  
        is_pixel_match:core/if#1:acc                               mgc_add_12_0_11_0_12                                                                                     1.4360 3.2409  
        is_pixel_match:core/if#1:acc.itm                                                                                                                                    0.0000 3.2409  
        is_pixel_match:core/if#1:slc                                                                                                                                        0.0000 3.2409  
        is_pixel_match:core/if#1:slc.itm                                                                                                                                    0.0000 3.2409  
        is_pixel_match:core/mux#1                                  mgc_mux_10_1_2                                                                                           0.3690 3.6098  
        is_pixel_match:core/mux#1.itm                                                                                                                                       0.0000 3.6098  
        is_pixel_match:core/if#2:not#1                             mgc_not_10                                                                                               0.0000 3.6098  
        is_pixel_match:core/if#2:not#1.itm                                                                                                                                  0.0000 3.6098  
        is_pixel_match:core/conc#32                                                                                                                                         0.0000 3.6098  
        is_pixel_match:core/conc#32.itm                                                                                                                                     0.0000 3.6098  
        is_pixel_match:core/if#2:acc                               mgc_add_11_0_8_1_11                                                                                      1.3737 4.9836  
        is_pixel_match:core/if#2:acc.itm                                                                                                                                    0.0000 4.9836  
        is_pixel_match:core/if#2:slc                                                                                                                                        0.0000 4.9836  
        is_pixel_match:core/if#2:slc.mdf.sva                                                                                                                                0.0000 4.9836  
        is_pixel_match:core/if#2:not#9                             mgc_not_1                                                                                                0.0000 4.9836  
        is_pixel_match:core/if#2:not#9.itm                                                                                                                                  0.0000 4.9836  
        is_pixel_match:core/if#2:exs#7                                                                                                                                      0.0000 4.9836  
        is_pixel_match:core/if#2:exs#7.itm                                                                                                                                  0.0000 4.9836  
        is_pixel_match:core/mux#3                                  mgc_mux_10_1_2                                                                                           0.3690 5.3525  
        is_pixel_match:core/mux#3.itm                                                                                                                                       0.0000 5.3525  
        is_pixel_match:core/reg(video_out:rsc:mgc_out_stdreg.d)#1  mgc_reg_pos_10_1_0_0_0_1_1                                                                               0.0000 5.3525  
                                                                                                                                                                                           
      5                                                            is_pixel_match:core/video_in:rsc:mgc_in_wire.d is_pixel_match:core/reg(video_out:rsc:mgc_out_stdreg.d)#1 5.3525 14.6475 
                                                                                                                                                                                           
        Instance                                                   Component                                                                                                Delta  Delay   
        --------                                                   ---------                                                                                                -----  -----   
        is_pixel_match:core/video_in:rsc:mgc_in_wire.d                                                                                                                      0.0000 0.0000  
        is_pixel_match:core/slc(video_in:rsc:mgc_in_wire.d)#2                                                                                                               0.0000 0.0000  
        is_pixel_match:core/slc(video_in:rsc:mgc_in_wire.d)#2.itm                                                                                                           0.0000 0.0000  
        is_pixel_match:core/not#1                                  mgc_not_10                                                                                               0.0000 0.0000  
        is_pixel_match:core/not#1.itm                                                                                                                                       0.0000 0.0000  
        is_pixel_match:core/conc#36                                                                                                                                         0.0000 0.0000  
        is_pixel_match:core/conc#36.itm                                                                                                                                     0.0000 0.0000  
        is_pixel_match:core/if:acc                                 mgc_add_12_0_11_0_12                                                                                     1.4360 1.4360  
        is_pixel_match:core/if:acc.itm                                                                                                                                      0.0000 1.4360  
        is_pixel_match:core/if:slc                                                                                                                                          0.0000 1.4360  
        is_pixel_match:core/if:slc.itm                                                                                                                                      0.0000 1.4360  
        is_pixel_match:core/mux                                    mgc_mux_10_1_2                                                                                           0.3690 1.8049  
        is_pixel_match:core/luma.lpi.dfm:mx0                                                                                                                                0.0000 1.8049  
        is_pixel_match:core/conc#33                                                                                                                                         0.0000 1.8049  
        is_pixel_match:core/conc#33.itm                                                                                                                                     0.0000 1.8049  
        is_pixel_match:core/if#1:acc                               mgc_add_12_0_11_0_12                                                                                     1.4360 3.2409  
        is_pixel_match:core/if#1:acc.itm                                                                                                                                    0.0000 3.2409  
        is_pixel_match:core/if#1:slc                                                                                                                                        0.0000 3.2409  
        is_pixel_match:core/if#1:slc.itm                                                                                                                                    0.0000 3.2409  
        is_pixel_match:core/mux#1                                  mgc_mux_10_1_2                                                                                           0.3690 3.6098  
        is_pixel_match:core/mux#1.itm                                                                                                                                       0.0000 3.6098  
        is_pixel_match:core/if#2:not#1                             mgc_not_10                                                                                               0.0000 3.6098  
        is_pixel_match:core/if#2:not#1.itm                                                                                                                                  0.0000 3.6098  
        is_pixel_match:core/conc#32                                                                                                                                         0.0000 3.6098  
        is_pixel_match:core/conc#32.itm                                                                                                                                     0.0000 3.6098  
        is_pixel_match:core/if#2:acc                               mgc_add_11_0_8_1_11                                                                                      1.3737 4.9836  
        is_pixel_match:core/if#2:acc.itm                                                                                                                                    0.0000 4.9836  
        is_pixel_match:core/if#2:slc                                                                                                                                        0.0000 4.9836  
        is_pixel_match:core/if#2:slc.mdf.sva                                                                                                                                0.0000 4.9836  
        is_pixel_match:core/if#2:not#9                             mgc_not_1                                                                                                0.0000 4.9836  
        is_pixel_match:core/if#2:not#9.itm                                                                                                                                  0.0000 4.9836  
        is_pixel_match:core/if#2:exs#7                                                                                                                                      0.0000 4.9836  
        is_pixel_match:core/if#2:exs#7.itm                                                                                                                                  0.0000 4.9836  
        is_pixel_match:core/mux#3                                  mgc_mux_10_1_2                                                                                           0.3690 5.3525  
        is_pixel_match:core/mux#3.itm                                                                                                                                       0.0000 5.3525  
        is_pixel_match:core/reg(video_out:rsc:mgc_out_stdreg.d)#1  mgc_reg_pos_10_1_0_0_0_1_1                                                                               0.0000 5.3525  
                                                                                                                                                                                           
      6                                                            is_pixel_match:core/video_in:rsc:mgc_in_wire.d is_pixel_match:core/reg(video_out:rsc:mgc_out_stdreg.d)   5.3525 14.6475 
                                                                                                                                                                                           
        Instance                                                   Component                                                                                                Delta  Delay   
        --------                                                   ---------                                                                                                -----  -----   
        is_pixel_match:core/video_in:rsc:mgc_in_wire.d                                                                                                                      0.0000 0.0000  
        is_pixel_match:core/slc(video_in:rsc:mgc_in_wire.d)#1                                                                                                               0.0000 0.0000  
        is_pixel_match:core/slc(video_in:rsc:mgc_in_wire.d)#1.itm                                                                                                           0.0000 0.0000  
        is_pixel_match:core/conc#35                                                                                                                                         0.0000 0.0000  
        is_pixel_match:core/conc#35.itm                                                                                                                                     0.0000 0.0000  
        is_pixel_match:core/if:acc                                 mgc_add_12_0_11_0_12                                                                                     1.4360 1.4360  
        is_pixel_match:core/if:acc.itm                                                                                                                                      0.0000 1.4360  
        is_pixel_match:core/if:slc                                                                                                                                          0.0000 1.4360  
        is_pixel_match:core/if:slc.itm                                                                                                                                      0.0000 1.4360  
        is_pixel_match:core/mux                                    mgc_mux_10_1_2                                                                                           0.3690 1.8049  
        is_pixel_match:core/luma.lpi.dfm:mx0                                                                                                                                0.0000 1.8049  
        is_pixel_match:core/conc#33                                                                                                                                         0.0000 1.8049  
        is_pixel_match:core/conc#33.itm                                                                                                                                     0.0000 1.8049  
        is_pixel_match:core/if#1:acc                               mgc_add_12_0_11_0_12                                                                                     1.4360 3.2409  
        is_pixel_match:core/if#1:acc.itm                                                                                                                                    0.0000 3.2409  
        is_pixel_match:core/if#1:slc                                                                                                                                        0.0000 3.2409  
        is_pixel_match:core/if#1:slc.itm                                                                                                                                    0.0000 3.2409  
        is_pixel_match:core/mux#1                                  mgc_mux_10_1_2                                                                                           0.3690 3.6098  
        is_pixel_match:core/mux#1.itm                                                                                                                                       0.0000 3.6098  
        is_pixel_match:core/if#2:not#1                             mgc_not_10                                                                                               0.0000 3.6098  
        is_pixel_match:core/if#2:not#1.itm                                                                                                                                  0.0000 3.6098  
        is_pixel_match:core/conc#32                                                                                                                                         0.0000 3.6098  
        is_pixel_match:core/conc#32.itm                                                                                                                                     0.0000 3.6098  
        is_pixel_match:core/if#2:acc                               mgc_add_11_0_8_1_11                                                                                      1.3737 4.9836  
        is_pixel_match:core/if#2:acc.itm                                                                                                                                    0.0000 4.9836  
        is_pixel_match:core/if#2:slc                                                                                                                                        0.0000 4.9836  
        is_pixel_match:core/if#2:slc.mdf.sva                                                                                                                                0.0000 4.9836  
        is_pixel_match:core/if#2:not#8                             mgc_not_1                                                                                                0.0000 4.9836  
        is_pixel_match:core/if#2:not#8.itm                                                                                                                                  0.0000 4.9836  
        is_pixel_match:core/if#2:exs#6                                                                                                                                      0.0000 4.9836  
        is_pixel_match:core/if#2:exs#6.itm                                                                                                                                  0.0000 4.9836  
        is_pixel_match:core/mux#2                                  mgc_mux_10_1_2                                                                                           0.3690 5.3525  
        is_pixel_match:core/mux#2.itm                                                                                                                                       0.0000 5.3525  
        is_pixel_match:core/reg(video_out:rsc:mgc_out_stdreg.d)    mgc_reg_pos_10_1_0_0_0_1_1                                                                               0.0000 5.3525  
                                                                                                                                                                                           
      7                                                            is_pixel_match:core/video_in:rsc:mgc_in_wire.d is_pixel_match:core/reg(video_out:rsc:mgc_out_stdreg.d)   5.3525 14.6475 
                                                                                                                                                                                           
        Instance                                                   Component                                                                                                Delta  Delay   
        --------                                                   ---------                                                                                                -----  -----   
        is_pixel_match:core/video_in:rsc:mgc_in_wire.d                                                                                                                      0.0000 0.0000  
        is_pixel_match:core/slc(video_in:rsc:mgc_in_wire.d)#2                                                                                                               0.0000 0.0000  
        is_pixel_match:core/slc(video_in:rsc:mgc_in_wire.d)#2.itm                                                                                                           0.0000 0.0000  
        is_pixel_match:core/not#1                                  mgc_not_10                                                                                               0.0000 0.0000  
        is_pixel_match:core/not#1.itm                                                                                                                                       0.0000 0.0000  
        is_pixel_match:core/conc#36                                                                                                                                         0.0000 0.0000  
        is_pixel_match:core/conc#36.itm                                                                                                                                     0.0000 0.0000  
        is_pixel_match:core/if:acc                                 mgc_add_12_0_11_0_12                                                                                     1.4360 1.4360  
        is_pixel_match:core/if:acc.itm                                                                                                                                      0.0000 1.4360  
        is_pixel_match:core/if:slc                                                                                                                                          0.0000 1.4360  
        is_pixel_match:core/if:slc.itm                                                                                                                                      0.0000 1.4360  
        is_pixel_match:core/mux                                    mgc_mux_10_1_2                                                                                           0.3690 1.8049  
        is_pixel_match:core/luma.lpi.dfm:mx0                                                                                                                                0.0000 1.8049  
        is_pixel_match:core/conc#33                                                                                                                                         0.0000 1.8049  
        is_pixel_match:core/conc#33.itm                                                                                                                                     0.0000 1.8049  
        is_pixel_match:core/if#1:acc                               mgc_add_12_0_11_0_12                                                                                     1.4360 3.2409  
        is_pixel_match:core/if#1:acc.itm                                                                                                                                    0.0000 3.2409  
        is_pixel_match:core/if#1:slc                                                                                                                                        0.0000 3.2409  
        is_pixel_match:core/if#1:slc.itm                                                                                                                                    0.0000 3.2409  
        is_pixel_match:core/mux#1                                  mgc_mux_10_1_2                                                                                           0.3690 3.6098  
        is_pixel_match:core/mux#1.itm                                                                                                                                       0.0000 3.6098  
        is_pixel_match:core/if#2:not#1                             mgc_not_10                                                                                               0.0000 3.6098  
        is_pixel_match:core/if#2:not#1.itm                                                                                                                                  0.0000 3.6098  
        is_pixel_match:core/conc#32                                                                                                                                         0.0000 3.6098  
        is_pixel_match:core/conc#32.itm                                                                                                                                     0.0000 3.6098  
        is_pixel_match:core/if#2:acc                               mgc_add_11_0_8_1_11                                                                                      1.3737 4.9836  
        is_pixel_match:core/if#2:acc.itm                                                                                                                                    0.0000 4.9836  
        is_pixel_match:core/if#2:slc                                                                                                                                        0.0000 4.9836  
        is_pixel_match:core/if#2:slc.mdf.sva                                                                                                                                0.0000 4.9836  
        is_pixel_match:core/if#2:not#8                             mgc_not_1                                                                                                0.0000 4.9836  
        is_pixel_match:core/if#2:not#8.itm                                                                                                                                  0.0000 4.9836  
        is_pixel_match:core/if#2:exs#6                                                                                                                                      0.0000 4.9836  
        is_pixel_match:core/if#2:exs#6.itm                                                                                                                                  0.0000 4.9836  
        is_pixel_match:core/mux#2                                  mgc_mux_10_1_2                                                                                           0.3690 5.3525  
        is_pixel_match:core/mux#2.itm                                                                                                                                       0.0000 5.3525  
        is_pixel_match:core/reg(video_out:rsc:mgc_out_stdreg.d)    mgc_reg_pos_10_1_0_0_0_1_1                                                                               0.0000 5.3525  
                                                                                                                                                                                           
      8                                                            is_pixel_match:core/video_in:rsc:mgc_in_wire.d is_pixel_match:core/reg(counter:rsc:mgc_out_stdreg.d)     5.2461 14.7539 
                                                                                                                                                                                           
        Instance                                                   Component                                                                                                Delta  Delay   
        --------                                                   ---------                                                                                                -----  -----   
        is_pixel_match:core/video_in:rsc:mgc_in_wire.d                                                                                                                      0.0000 0.0000  
        is_pixel_match:core/slc(video_in:rsc:mgc_in_wire.d)#1                                                                                                               0.0000 0.0000  
        is_pixel_match:core/slc(video_in:rsc:mgc_in_wire.d)#1.itm                                                                                                           0.0000 0.0000  
        is_pixel_match:core/conc#35                                                                                                                                         0.0000 0.0000  
        is_pixel_match:core/conc#35.itm                                                                                                                                     0.0000 0.0000  
        is_pixel_match:core/if:acc                                 mgc_add_12_0_11_0_12                                                                                     1.4360 1.4360  
        is_pixel_match:core/if:acc.itm                                                                                                                                      0.0000 1.4360  
        is_pixel_match:core/if:slc                                                                                                                                          0.0000 1.4360  
        is_pixel_match:core/if:slc.itm                                                                                                                                      0.0000 1.4360  
        is_pixel_match:core/mux                                    mgc_mux_10_1_2                                                                                           0.3690 1.8049  
        is_pixel_match:core/luma.lpi.dfm:mx0                                                                                                                                0.0000 1.8049  
        is_pixel_match:core/conc#33                                                                                                                                         0.0000 1.8049  
        is_pixel_match:core/conc#33.itm                                                                                                                                     0.0000 1.8049  
        is_pixel_match:core/if#1:acc                               mgc_add_12_0_11_0_12                                                                                     1.4360 3.2409  
        is_pixel_match:core/if#1:acc.itm                                                                                                                                    0.0000 3.2409  
        is_pixel_match:core/if#1:slc                                                                                                                                        0.0000 3.2409  
        is_pixel_match:core/if#1:slc.itm                                                                                                                                    0.0000 3.2409  
        is_pixel_match:core/mux#1                                  mgc_mux_10_1_2                                                                                           0.3690 3.6098  
        is_pixel_match:core/mux#1.itm                                                                                                                                       0.0000 3.6098  
        is_pixel_match:core/if#2:not#1                             mgc_not_10                                                                                               0.0000 3.6098  
        is_pixel_match:core/if#2:not#1.itm                                                                                                                                  0.0000 3.6098  
        is_pixel_match:core/conc#32                                                                                                                                         0.0000 3.6098  
        is_pixel_match:core/conc#32.itm                                                                                                                                     0.0000 3.6098  
        is_pixel_match:core/if#2:acc                               mgc_add_11_0_8_1_11                                                                                      1.3737 4.9836  
        is_pixel_match:core/if#2:acc.itm                                                                                                                                    0.0000 4.9836  
        is_pixel_match:core/if#2:slc                                                                                                                                        0.0000 4.9836  
        is_pixel_match:core/if#2:slc.mdf.sva                                                                                                                                0.0000 4.9836  
        is_pixel_match:core/nor                                    mgc_nor_1_2                                                                                              0.2625 5.2461  
        is_pixel_match:core/nor.itm                                                                                                                                         0.0000 5.2461  
        is_pixel_match:core/reg(counter:rsc:mgc_out_stdreg.d)      mgc_reg_pos_1_1_0_0_0_1_1                                                                                0.0000 5.2461  
                                                                                                                                                                                           
      9                                                            is_pixel_match:core/video_in:rsc:mgc_in_wire.d is_pixel_match:core/reg(counter:rsc:mgc_out_stdreg.d)     5.2461 14.7539 
                                                                                                                                                                                           
        Instance                                                   Component                                                                                                Delta  Delay   
        --------                                                   ---------                                                                                                -----  -----   
        is_pixel_match:core/video_in:rsc:mgc_in_wire.d                                                                                                                      0.0000 0.0000  
        is_pixel_match:core/slc(video_in:rsc:mgc_in_wire.d)#2                                                                                                               0.0000 0.0000  
        is_pixel_match:core/slc(video_in:rsc:mgc_in_wire.d)#2.itm                                                                                                           0.0000 0.0000  
        is_pixel_match:core/not#1                                  mgc_not_10                                                                                               0.0000 0.0000  
        is_pixel_match:core/not#1.itm                                                                                                                                       0.0000 0.0000  
        is_pixel_match:core/conc#36                                                                                                                                         0.0000 0.0000  
        is_pixel_match:core/conc#36.itm                                                                                                                                     0.0000 0.0000  
        is_pixel_match:core/if:acc                                 mgc_add_12_0_11_0_12                                                                                     1.4360 1.4360  
        is_pixel_match:core/if:acc.itm                                                                                                                                      0.0000 1.4360  
        is_pixel_match:core/if:slc                                                                                                                                          0.0000 1.4360  
        is_pixel_match:core/if:slc.itm                                                                                                                                      0.0000 1.4360  
        is_pixel_match:core/mux                                    mgc_mux_10_1_2                                                                                           0.3690 1.8049  
        is_pixel_match:core/luma.lpi.dfm:mx0                                                                                                                                0.0000 1.8049  
        is_pixel_match:core/conc#33                                                                                                                                         0.0000 1.8049  
        is_pixel_match:core/conc#33.itm                                                                                                                                     0.0000 1.8049  
        is_pixel_match:core/if#1:acc                               mgc_add_12_0_11_0_12                                                                                     1.4360 3.2409  
        is_pixel_match:core/if#1:acc.itm                                                                                                                                    0.0000 3.2409  
        is_pixel_match:core/if#1:slc                                                                                                                                        0.0000 3.2409  
        is_pixel_match:core/if#1:slc.itm                                                                                                                                    0.0000 3.2409  
        is_pixel_match:core/mux#1                                  mgc_mux_10_1_2                                                                                           0.3690 3.6098  
        is_pixel_match:core/mux#1.itm                                                                                                                                       0.0000 3.6098  
        is_pixel_match:core/if#2:not#1                             mgc_not_10                                                                                               0.0000 3.6098  
        is_pixel_match:core/if#2:not#1.itm                                                                                                                                  0.0000 3.6098  
        is_pixel_match:core/conc#32                                                                                                                                         0.0000 3.6098  
        is_pixel_match:core/conc#32.itm                                                                                                                                     0.0000 3.6098  
        is_pixel_match:core/if#2:acc                               mgc_add_11_0_8_1_11                                                                                      1.3737 4.9836  
        is_pixel_match:core/if#2:acc.itm                                                                                                                                    0.0000 4.9836  
        is_pixel_match:core/if#2:slc                                                                                                                                        0.0000 4.9836  
        is_pixel_match:core/if#2:slc.mdf.sva                                                                                                                                0.0000 4.9836  
        is_pixel_match:core/nor                                    mgc_nor_1_2                                                                                              0.2625 5.2461  
        is_pixel_match:core/nor.itm                                                                                                                                         0.0000 5.2461  
        is_pixel_match:core/reg(counter:rsc:mgc_out_stdreg.d)      mgc_reg_pos_1_1_0_0_0_1_1                                                                                0.0000 5.2461  
                                                                                                                                                                                           
      10                                                           is_pixel_match:core/video_in:rsc:mgc_in_wire.d is_pixel_match:core/reg(counter:rsc:mgc_out_stdreg.d)     3.8101 16.1899 
                                                                                                                                                                                           
        Instance                                                   Component                                                                                                Delta  Delay   
        --------                                                   ---------                                                                                                -----  -----   
        is_pixel_match:core/video_in:rsc:mgc_in_wire.d                                                                                                                      0.0000 0.0000  
        is_pixel_match:core/slc(video_in:rsc:mgc_in_wire.d)#13                                                                                                              0.0000 0.0000  
        is_pixel_match:core/slc(video_in:rsc:mgc_in_wire.d)#13.itm                                                                                                          0.0000 0.0000  
        is_pixel_match:core/mux                                    mgc_mux_10_1_2                                                                                           0.3690 0.3690  
        is_pixel_match:core/luma.lpi.dfm:mx0                                                                                                                                0.0000 0.3690  
        is_pixel_match:core/conc#33                                                                                                                                         0.0000 0.3690  
        is_pixel_match:core/conc#33.itm                                                                                                                                     0.0000 0.3690  
        is_pixel_match:core/if#1:acc                               mgc_add_12_0_11_0_12                                                                                     1.4360 1.8049  
        is_pixel_match:core/if#1:acc.itm                                                                                                                                    0.0000 1.8049  
        is_pixel_match:core/if#1:slc                                                                                                                                        0.0000 1.8049  
        is_pixel_match:core/if#1:slc.itm                                                                                                                                    0.0000 1.8049  
        is_pixel_match:core/mux#1                                  mgc_mux_10_1_2                                                                                           0.3690 2.1739  
        is_pixel_match:core/mux#1.itm                                                                                                                                       0.0000 2.1739  
        is_pixel_match:core/if#2:not#1                             mgc_not_10                                                                                               0.0000 2.1739  
        is_pixel_match:core/if#2:not#1.itm                                                                                                                                  0.0000 2.1739  
        is_pixel_match:core/conc#32                                                                                                                                         0.0000 2.1739  
        is_pixel_match:core/conc#32.itm                                                                                                                                     0.0000 2.1739  
        is_pixel_match:core/if#2:acc                               mgc_add_11_0_8_1_11                                                                                      1.3737 3.5476  
        is_pixel_match:core/if#2:acc.itm                                                                                                                                    0.0000 3.5476  
        is_pixel_match:core/if#2:slc                                                                                                                                        0.0000 3.5476  
        is_pixel_match:core/if#2:slc.mdf.sva                                                                                                                                0.0000 3.5476  
        is_pixel_match:core/nor                                    mgc_nor_1_2                                                                                              0.2625 3.8101  
        is_pixel_match:core/nor.itm                                                                                                                                         0.0000 3.8101  
        is_pixel_match:core/reg(counter:rsc:mgc_out_stdreg.d)      mgc_reg_pos_1_1_0_0_0_1_1                                                                                0.0000 3.8101  
                                                                                                                                                                                           
      
    Register Input and Register-to-Output Slack
      Clock period or pin-to-reg delay constraint (clk): 20.0
      Clock uncertainty constraint (clk)               : 0.0
      
      Instance                                                  Port              Slack (Delay) Messages 
      --------------------------------------------------------- --------------- ------- ------- --------
      is_pixel_match:core/reg(do_calc:rsc:mgc_out_stdreg.d)     if#4:and.itm    17.1617  2.8383          
      is_pixel_match:core/reg(counter:rsc:mgc_out_stdreg.d)     nor.itm         14.7539  5.2461          
      is_pixel_match:core/reg(o_x:rsc:mgc_out_stdreg.d)         and.itm         14.6004  5.3996          
      is_pixel_match:core/reg(video_out:rsc:mgc_out_stdreg.d)   mux#2.itm       14.6475  5.3525          
      is_pixel_match:core/reg(video_out:rsc:mgc_out_stdreg.d)#1 mux#3.itm       14.6475  5.3525          
      is_pixel_match:core/reg(video_out:rsc:mgc_out_stdreg.d)#2 mux#4.itm       14.6475  5.3525          
      is_pixel_match                                            video_out:rsc.z 20.0000  0.0000          
      is_pixel_match                                            o_x:rsc.z       20.0000  0.0000          
      is_pixel_match                                            counter:rsc.z   20.0000  0.0000          
      is_pixel_match                                            do_calc:rsc.z   20.0000  0.0000          
      
  Operator Bitwidth Summary
    Operation  Size (bits) Count 
    ---------- ----------- -----
    add                          
    -                   12     6 
    -                   11     1 
    -                    9     2 
    -                    8     1 
    and                          
    -                    4     1 
    -                    3     1 
    -                    2     1 
    equal                        
    -                    1     2 
    mux                          
    -                    1     5 
    nor                          
    -                    2     1 
    not                          
    -                   10     6 
    -                    9     2 
    -                    8     2 
    -                    2     1 
    -                    1     6 
    read_port                    
    -                   30     1 
    -                   20     2 
    reg                          
    -                   10     3 
    -                    8     1 
    -                    1     2 
    write_port                   
    -                   30     1 
    -                    8     1 
    -                    2     2 
    
  End of Report
