-- Catapult University Version: Report                                              
-- ---------------------------- ---------------------------------------------------
-- Version:                     2011a.126 Production Release                        
-- Build Date:                  Wed Aug  8 00:52:07 PDT 2012                        
                                                                                    
-- Generated by:                lb3314@EEWS304-017                                  
-- Generated date:              Thu May 14 21:15:02 +0100 2015                      

Solution Settings: render_blocks.v7
  Current state: extract
  Project: Catapult
  
  Design Input Files Specified
    $PROJECT_HOME/block_render.c
      $MGC_HOME/shared/include/ac_fixed.h
        $MGC_HOME/shared/include/ac_int.h
  
  Processes/Blocks in Design
    Process             Real Operation(s) count Latency Throughput Reset Length II Comments 
    ------------------- ----------------------- ------- ---------- ------------ -- --------
    /render_blocks/core                      58       1          1            0  1          
    Design Total:                            58       1          1            0  1          
    
  Bill Of Materials (Datapath)
    Component Name                          Area Score Area(LUTs) Delay Post Alloc Post Assign 
    --------------------------------------- ---------- ---------- ----- ---------- -----------
    [Lib: mgc_Altera-Cyclone-III-6_beh_psr]                                                    
    mgc_add(10,0,10,0,11)                       11.241     11.241 1.301          8           8 
    mgc_add(12,0,11,0,12)                       13.228     13.228 1.436         16          16 
    mgc_and(1,4)                                 1.379      1.379 0.525          0           4 
    mgc_not(10)                                  0.000      0.000 0.000          0          16 
    mgc_or(10,5)                                17.038     17.038 0.622          2           2 
    mgc_reg_pos(10,1,0,0,0,1,1)                  0.000      0.000 0.000          0           3 
    [Lib: mgc_ioport]                                                                          
    mgc_in_wire(1,30)                            0.000      0.000 0.000          1           1 
    mgc_in_wire(2,80)                            0.000      0.000 0.000          1           1 
    mgc_in_wire(3,20)                            0.000      0.000 0.000          1           1 
    mgc_out_stdreg(4,30)                         0.000      0.000 0.000          1           1 
                                                                                               
    TOTAL AREA (After Assignment):             341.163    341.000                              
    
  Area Scores
                      Post-Scheduling  Post-DP & FSM Post-Assignment 
    ----------------- --------------- -------------- ---------------
    Total Area Score:    335.6          338.6           341.2        
    Total Reg:             0.0            0.0             0.0        
                                                                     
    DataPath:            335.6 (100%)   338.6 (100%)    341.2 (100%) 
      MUX:                 0.0            0.0             0.0        
      FUNC:              301.6  (90%)   301.6  (89%)    301.6  (88%) 
      LOGIC:              34.1  (10%)    37.0  (11%)     39.6  (12%) 
      BUFFER:              0.0            0.0             0.0        
      MEM:                 0.0            0.0             0.0        
      ROM:                 0.0            0.0             0.0        
      REG:                 0.0            0.0             0.0        
                                                                     
    
    FSM:                   0.0            0.0             0.0        
      FSM-REG:             0.0            0.0             0.0        
      FSM-COMB:            0.0            0.0             0.0        
                                                                     
    
  Register-to-Variable Mappings
    Register                                  Size(bits) Gated Register CG Opt Done Variables                                             
    ----------------------------------------- ---------- -------------- ----------- -----------------------------------------------------
    reg(video_out:rsc:mgc_out_stdreg.d).tmp           10         Y                  reg(video_out:rsc:mgc_out_stdreg.d).tmp               
    reg(video_out:rsc:mgc_out_stdreg.d).tmp#1         10         Y                  reg(video_out:rsc:mgc_out_stdreg.d).tmp#1             
    reg(video_out:rsc:mgc_out_stdreg.d).tmp#2         10         Y                  reg(video_out:rsc:mgc_out_stdreg.d).tmp#2             
                                                                                                                                          
    Total:                                            30             30           0 (Total Gating Ratio: 1.00, CG Opt Gating Ratio: 0.00) 
    
  Timing Report
    Critical Path
      Max Delay:  3.884394
      Slack:      16.115606
      
      Path                                                       Startpoint                                  Endpoint                                                 Delay  Slack   
      ---------------------------------------------------------- ------------------------------------------- -------------------------------------------------------- ------ -------
      1                                                          render_blocks:core/vga_xy:rsc:mgc_in_wire.d render_blocks:core/reg(video_out:rsc:mgc_out_stdreg.d)   3.8844 16.1156 
                                                                                                                                                                                     
        Instance                                                 Component                                                                                            Delta  Delay   
        --------                                                 ---------                                                                                            -----  -----   
        render_blocks:core/vga_xy:rsc:mgc_in_wire.d                                                                                                                   0.0000 0.0000  
        render_blocks:core/slc(vga_xy:rsc:mgc_in_wire.d)#10                                                                                                           0.0000 0.0000  
        render_blocks:core/slc(vga_xy:rsc:mgc_in_wire.d)#10.itm                                                                                                       0.0000 0.0000  
        render_blocks:core/FRAME:if:acc#5                        mgc_add_10_0_10_0_11                                                                                 1.3014 1.3014  
        render_blocks:core/FRAME:if:acc#5.itm                                                                                                                         0.0000 1.3014  
        render_blocks:core/FRAME-1:if:acc#2                      mgc_add_12_0_11_0_12                                                                                 1.4359 2.7374  
        render_blocks:core/FRAME-1:if:acc#2.itm                                                                                                                       0.0000 2.7374  
        render_blocks:core/FRAME-1:aif#2:slc                                                                                                                          0.0000 2.7374  
        render_blocks:core/FRAME-1:aif#2:slc.itm                                                                                                                      0.0000 2.7374  
        render_blocks:core/FRAME:if:and#2                        mgc_and_1_4                                                                                          0.5250 3.2624  
        render_blocks:core/FRAME:if:and#2.itm                                                                                                                         0.0000 3.2624  
        render_blocks:core/FRAME:exs#8                                                                                                                                0.0000 3.2624  
        render_blocks:core/FRAME:exs#9                                                                                                                                0.0000 3.2624  
        render_blocks:core/slc(FRAME:exs#9)                                                                                                                           0.0000 3.2624  
        render_blocks:core/slc(FRAME:exs#9).itm                                                                                                                       0.0000 3.2624  
        render_blocks:core/exs                                                                                                                                        0.0000 3.2624  
        render_blocks:core/exs.itm                                                                                                                                    0.0000 3.2624  
        render_blocks:core/FRAME:or#6                            mgc_or_10_5                                                                                          0.6220 3.8844  
        render_blocks:core/FRAME:or#6.itm                                                                                                                             0.0000 3.8844  
        render_blocks:core/reg(video_out:rsc:mgc_out_stdreg.d)   mgc_reg_pos_10_1_0_0_0_1_1                                                                           0.0000 3.8844  
                                                                                                                                                                                     
      2                                                          render_blocks:core/vga_xy:rsc:mgc_in_wire.d render_blocks:core/reg(video_out:rsc:mgc_out_stdreg.d)#2 3.8844 16.1156 
                                                                                                                                                                                     
        Instance                                                 Component                                                                                            Delta  Delay   
        --------                                                 ---------                                                                                            -----  -----   
        render_blocks:core/vga_xy:rsc:mgc_in_wire.d                                                                                                                   0.0000 0.0000  
        render_blocks:core/slc(vga_xy:rsc:mgc_in_wire.d)#10                                                                                                           0.0000 0.0000  
        render_blocks:core/slc(vga_xy:rsc:mgc_in_wire.d)#10.itm                                                                                                       0.0000 0.0000  
        render_blocks:core/FRAME:if:acc#5                        mgc_add_10_0_10_0_11                                                                                 1.3014 1.3014  
        render_blocks:core/FRAME:if:acc#5.itm                                                                                                                         0.0000 1.3014  
        render_blocks:core/FRAME-1:if:acc#2                      mgc_add_12_0_11_0_12                                                                                 1.4359 2.7374  
        render_blocks:core/FRAME-1:if:acc#2.itm                                                                                                                       0.0000 2.7374  
        render_blocks:core/FRAME-1:aif#2:slc                                                                                                                          0.0000 2.7374  
        render_blocks:core/FRAME-1:aif#2:slc.itm                                                                                                                      0.0000 2.7374  
        render_blocks:core/FRAME:if:and#2                        mgc_and_1_4                                                                                          0.5250 3.2624  
        render_blocks:core/FRAME:if:and#2.itm                                                                                                                         0.0000 3.2624  
        render_blocks:core/FRAME:exs#8                                                                                                                                0.0000 3.2624  
        render_blocks:core/FRAME:exs#9                                                                                                                                0.0000 3.2624  
        render_blocks:core/slc(FRAME:exs#9)#1                                                                                                                         0.0000 3.2624  
        render_blocks:core/slc(FRAME:exs#9)#1.itm                                                                                                                     0.0000 3.2624  
        render_blocks:core/exs#1                                                                                                                                      0.0000 3.2624  
        render_blocks:core/exs#1.itm                                                                                                                                  0.0000 3.2624  
        render_blocks:core/FRAME:or#7                            mgc_or_10_5                                                                                          0.6220 3.8844  
        render_blocks:core/FRAME:or#7.itm                                                                                                                             0.0000 3.8844  
        render_blocks:core/reg(video_out:rsc:mgc_out_stdreg.d)#2 mgc_reg_pos_10_1_0_0_0_1_1                                                                           0.0000 3.8844  
                                                                                                                                                                                     
      3                                                          render_blocks:core/blocks:rsc:mgc_in_wire.d render_blocks:core/reg(video_out:rsc:mgc_out_stdreg.d)#2 3.8844 16.1156 
                                                                                                                                                                                     
        Instance                                                 Component                                                                                            Delta  Delay   
        --------                                                 ---------                                                                                            -----  -----   
        render_blocks:core/blocks:rsc:mgc_in_wire.d                                                                                                                   0.0000 0.0000  
        render_blocks:core/slc(blocks:rsc:mgc_in_wire.d)                                                                                                              0.0000 0.0000  
        render_blocks:core/slc(blocks:rsc:mgc_in_wire.d).itm                                                                                                          0.0000 0.0000  
        render_blocks:core/FRAME-1:box_y:not                     mgc_not_10                                                                                           0.0000 0.0000  
        render_blocks:core/FRAME-1:box_y:not.itm                                                                                                                      0.0000 0.0000  
        render_blocks:core/FRAME:if:acc#5                        mgc_add_10_0_10_0_11                                                                                 1.3014 1.3014  
        render_blocks:core/FRAME:if:acc#5.itm                                                                                                                         0.0000 1.3014  
        render_blocks:core/FRAME-1:if:acc#2                      mgc_add_12_0_11_0_12                                                                                 1.4359 2.7374  
        render_blocks:core/FRAME-1:if:acc#2.itm                                                                                                                       0.0000 2.7374  
        render_blocks:core/FRAME-1:aif#2:slc                                                                                                                          0.0000 2.7374  
        render_blocks:core/FRAME-1:aif#2:slc.itm                                                                                                                      0.0000 2.7374  
        render_blocks:core/FRAME:if:and#2                        mgc_and_1_4                                                                                          0.5250 3.2624  
        render_blocks:core/FRAME:if:and#2.itm                                                                                                                         0.0000 3.2624  
        render_blocks:core/FRAME:exs#8                                                                                                                                0.0000 3.2624  
        render_blocks:core/FRAME:exs#9                                                                                                                                0.0000 3.2624  
        render_blocks:core/slc(FRAME:exs#9)#1                                                                                                                         0.0000 3.2624  
        render_blocks:core/slc(FRAME:exs#9)#1.itm                                                                                                                     0.0000 3.2624  
        render_blocks:core/exs#1                                                                                                                                      0.0000 3.2624  
        render_blocks:core/exs#1.itm                                                                                                                                  0.0000 3.2624  
        render_blocks:core/FRAME:or#7                            mgc_or_10_5                                                                                          0.6220 3.8844  
        render_blocks:core/FRAME:or#7.itm                                                                                                                             0.0000 3.8844  
        render_blocks:core/reg(video_out:rsc:mgc_out_stdreg.d)#2 mgc_reg_pos_10_1_0_0_0_1_1                                                                           0.0000 3.8844  
                                                                                                                                                                                     
      4                                                          render_blocks:core/vga_xy:rsc:mgc_in_wire.d render_blocks:core/reg(video_out:rsc:mgc_out_stdreg.d)   3.8844 16.1156 
                                                                                                                                                                                     
        Instance                                                 Component                                                                                            Delta  Delay   
        --------                                                 ---------                                                                                            -----  -----   
        render_blocks:core/vga_xy:rsc:mgc_in_wire.d                                                                                                                   0.0000 0.0000  
        render_blocks:core/slc(vga_xy:rsc:mgc_in_wire.d)#13                                                                                                           0.0000 0.0000  
        render_blocks:core/slc(vga_xy:rsc:mgc_in_wire.d)#13.itm                                                                                                       0.0000 0.0000  
        render_blocks:core/FRAME:if:acc#13                       mgc_add_10_0_10_0_11                                                                                 1.3014 1.3014  
        render_blocks:core/FRAME:if:acc#13.itm                                                                                                                        0.0000 1.3014  
        render_blocks:core/FRAME-3:if:acc#2                      mgc_add_12_0_11_0_12                                                                                 1.4359 2.7374  
        render_blocks:core/FRAME-3:if:acc#2.itm                                                                                                                       0.0000 2.7374  
        render_blocks:core/FRAME-3:aif#2:slc                                                                                                                          0.0000 2.7374  
        render_blocks:core/FRAME-3:aif#2:slc.itm                                                                                                                      0.0000 2.7374  
        render_blocks:core/FRAME:if:and#8                        mgc_and_1_4                                                                                          0.5250 3.2624  
        render_blocks:core/FRAME:if:and#8.itm                                                                                                                         0.0000 3.2624  
        render_blocks:core/FRAME:exs#12                                                                                                                               0.0000 3.2624  
        render_blocks:core/FRAME:exs#13                                                                                                                               0.0000 3.2624  
        render_blocks:core/slc(FRAME:exs#13)                                                                                                                          0.0000 3.2624  
        render_blocks:core/slc(FRAME:exs#13).itm                                                                                                                      0.0000 3.2624  
        render_blocks:core/exs#4                                                                                                                                      0.0000 3.2624  
        render_blocks:core/exs#4.itm                                                                                                                                  0.0000 3.2624  
        render_blocks:core/FRAME:or#6                            mgc_or_10_5                                                                                          0.6220 3.8844  
        render_blocks:core/FRAME:or#6.itm                                                                                                                             0.0000 3.8844  
        render_blocks:core/reg(video_out:rsc:mgc_out_stdreg.d)   mgc_reg_pos_10_1_0_0_0_1_1                                                                           0.0000 3.8844  
                                                                                                                                                                                     
      5                                                          render_blocks:core/vga_xy:rsc:mgc_in_wire.d render_blocks:core/reg(video_out:rsc:mgc_out_stdreg.d)#2 3.8844 16.1156 
                                                                                                                                                                                     
        Instance                                                 Component                                                                                            Delta  Delay   
        --------                                                 ---------                                                                                            -----  -----   
        render_blocks:core/vga_xy:rsc:mgc_in_wire.d                                                                                                                   0.0000 0.0000  
        render_blocks:core/slc(vga_xy:rsc:mgc_in_wire.d)#14                                                                                                           0.0000 0.0000  
        render_blocks:core/slc(vga_xy:rsc:mgc_in_wire.d)#14.itm                                                                                                       0.0000 0.0000  
        render_blocks:core/FRAME:if:acc#17                       mgc_add_10_0_10_0_11                                                                                 1.3014 1.3014  
        render_blocks:core/FRAME:if:acc#17.itm                                                                                                                        0.0000 1.3014  
        render_blocks:core/FRAME-4:if:acc#2                      mgc_add_12_0_11_0_12                                                                                 1.4359 2.7374  
        render_blocks:core/FRAME-4:if:acc#2.itm                                                                                                                       0.0000 2.7374  
        render_blocks:core/FRAME-4:aif#2:slc                                                                                                                          0.0000 2.7374  
        render_blocks:core/FRAME-4:aif#2:slc.itm                                                                                                                      0.0000 2.7374  
        render_blocks:core/FRAME:if:and#11                       mgc_and_1_4                                                                                          0.5250 3.2624  
        render_blocks:core/FRAME:if:and#11.itm                                                                                                                        0.0000 3.2624  
        render_blocks:core/FRAME:exs#14                                                                                                                               0.0000 3.2624  
        render_blocks:core/FRAME:exs#15                                                                                                                               0.0000 3.2624  
        render_blocks:core/slc(FRAME:exs#15)#1                                                                                                                        0.0000 3.2624  
        render_blocks:core/slc(FRAME:exs#15)#1.itm                                                                                                                    0.0000 3.2624  
        render_blocks:core/exs#7                                                                                                                                      0.0000 3.2624  
        render_blocks:core/exs#7.itm                                                                                                                                  0.0000 3.2624  
        render_blocks:core/FRAME:or#7                            mgc_or_10_5                                                                                          0.6220 3.8844  
        render_blocks:core/FRAME:or#7.itm                                                                                                                             0.0000 3.8844  
        render_blocks:core/reg(video_out:rsc:mgc_out_stdreg.d)#2 mgc_reg_pos_10_1_0_0_0_1_1                                                                           0.0000 3.8844  
                                                                                                                                                                                     
      6                                                          render_blocks:core/vga_xy:rsc:mgc_in_wire.d render_blocks:core/reg(video_out:rsc:mgc_out_stdreg.d)#2 3.8844 16.1156 
                                                                                                                                                                                     
        Instance                                                 Component                                                                                            Delta  Delay   
        --------                                                 ---------                                                                                            -----  -----   
        render_blocks:core/vga_xy:rsc:mgc_in_wire.d                                                                                                                   0.0000 0.0000  
        render_blocks:core/slc(vga_xy:rsc:mgc_in_wire.d)#12                                                                                                           0.0000 0.0000  
        render_blocks:core/slc(vga_xy:rsc:mgc_in_wire.d)#12.itm                                                                                                       0.0000 0.0000  
        render_blocks:core/FRAME:if:acc#9                        mgc_add_10_0_10_0_11                                                                                 1.3014 1.3014  
        render_blocks:core/FRAME:if:acc#9.itm                                                                                                                         0.0000 1.3014  
        render_blocks:core/FRAME-2:if:acc#2                      mgc_add_12_0_11_0_12                                                                                 1.4359 2.7374  
        render_blocks:core/FRAME-2:if:acc#2.itm                                                                                                                       0.0000 2.7374  
        render_blocks:core/FRAME-2:aif#2:slc                                                                                                                          0.0000 2.7374  
        render_blocks:core/FRAME-2:aif#2:slc.itm                                                                                                                      0.0000 2.7374  
        render_blocks:core/FRAME:if:and#5                        mgc_and_1_4                                                                                          0.5250 3.2624  
        render_blocks:core/FRAME:if:and#5.itm                                                                                                                         0.0000 3.2624  
        render_blocks:core/FRAME:exs#10                                                                                                                               0.0000 3.2624  
        render_blocks:core/FRAME:exs#11                                                                                                                               0.0000 3.2624  
        render_blocks:core/slc(FRAME:exs#11)#1                                                                                                                        0.0000 3.2624  
        render_blocks:core/slc(FRAME:exs#11)#1.itm                                                                                                                    0.0000 3.2624  
        render_blocks:core/exs#3                                                                                                                                      0.0000 3.2624  
        render_blocks:core/exs#3.itm                                                                                                                                  0.0000 3.2624  
        render_blocks:core/FRAME:or#7                            mgc_or_10_5                                                                                          0.6220 3.8844  
        render_blocks:core/FRAME:or#7.itm                                                                                                                             0.0000 3.8844  
        render_blocks:core/reg(video_out:rsc:mgc_out_stdreg.d)#2 mgc_reg_pos_10_1_0_0_0_1_1                                                                           0.0000 3.8844  
                                                                                                                                                                                     
      7                                                          render_blocks:core/blocks:rsc:mgc_in_wire.d render_blocks:core/reg(video_out:rsc:mgc_out_stdreg.d)   3.8844 16.1156 
                                                                                                                                                                                     
        Instance                                                 Component                                                                                            Delta  Delay   
        --------                                                 ---------                                                                                            -----  -----   
        render_blocks:core/blocks:rsc:mgc_in_wire.d                                                                                                                   0.0000 0.0000  
        render_blocks:core/slc(blocks:rsc:mgc_in_wire.d)#4                                                                                                            0.0000 0.0000  
        render_blocks:core/slc(blocks:rsc:mgc_in_wire.d)#4.itm                                                                                                        0.0000 0.0000  
        render_blocks:core/FRAME-3:box_y:not                     mgc_not_10                                                                                           0.0000 0.0000  
        render_blocks:core/FRAME-3:box_y:not.itm                                                                                                                      0.0000 0.0000  
        render_blocks:core/FRAME:if:acc#13                       mgc_add_10_0_10_0_11                                                                                 1.3014 1.3014  
        render_blocks:core/FRAME:if:acc#13.itm                                                                                                                        0.0000 1.3014  
        render_blocks:core/FRAME-3:if:acc#2                      mgc_add_12_0_11_0_12                                                                                 1.4359 2.7374  
        render_blocks:core/FRAME-3:if:acc#2.itm                                                                                                                       0.0000 2.7374  
        render_blocks:core/FRAME-3:aif#2:slc                                                                                                                          0.0000 2.7374  
        render_blocks:core/FRAME-3:aif#2:slc.itm                                                                                                                      0.0000 2.7374  
        render_blocks:core/FRAME:if:and#8                        mgc_and_1_4                                                                                          0.5250 3.2624  
        render_blocks:core/FRAME:if:and#8.itm                                                                                                                         0.0000 3.2624  
        render_blocks:core/FRAME:exs#12                                                                                                                               0.0000 3.2624  
        render_blocks:core/FRAME:exs#13                                                                                                                               0.0000 3.2624  
        render_blocks:core/slc(FRAME:exs#13)                                                                                                                          0.0000 3.2624  
        render_blocks:core/slc(FRAME:exs#13).itm                                                                                                                      0.0000 3.2624  
        render_blocks:core/exs#4                                                                                                                                      0.0000 3.2624  
        render_blocks:core/exs#4.itm                                                                                                                                  0.0000 3.2624  
        render_blocks:core/FRAME:or#6                            mgc_or_10_5                                                                                          0.6220 3.8844  
        render_blocks:core/FRAME:or#6.itm                                                                                                                             0.0000 3.8844  
        render_blocks:core/reg(video_out:rsc:mgc_out_stdreg.d)   mgc_reg_pos_10_1_0_0_0_1_1                                                                           0.0000 3.8844  
                                                                                                                                                                                     
      8                                                          render_blocks:core/vga_xy:rsc:mgc_in_wire.d render_blocks:core/reg(video_out:rsc:mgc_out_stdreg.d)#2 3.8844 16.1156 
                                                                                                                                                                                     
        Instance                                                 Component                                                                                            Delta  Delay   
        --------                                                 ---------                                                                                            -----  -----   
        render_blocks:core/vga_xy:rsc:mgc_in_wire.d                                                                                                                   0.0000 0.0000  
        render_blocks:core/slc(vga_xy:rsc:mgc_in_wire.d)#1                                                                                                            0.0000 0.0000  
        render_blocks:core/slc(vga_xy:rsc:mgc_in_wire.d)#1.itm                                                                                                        0.0000 0.0000  
        render_blocks:core/FRAME:if:acc#15                       mgc_add_10_0_10_0_11                                                                                 1.3014 1.3014  
        render_blocks:core/FRAME:if:acc#15.itm                                                                                                                        0.0000 1.3014  
        render_blocks:core/FRAME-4:if:acc                        mgc_add_12_0_11_0_12                                                                                 1.4359 2.7374  
        render_blocks:core/FRAME-4:if:acc.itm                                                                                                                         0.0000 2.7374  
        render_blocks:core/FRAME-4:aif:slc                                                                                                                            0.0000 2.7374  
        render_blocks:core/FRAME-4:aif:slc.itm                                                                                                                        0.0000 2.7374  
        render_blocks:core/FRAME:if:and#11                       mgc_and_1_4                                                                                          0.5250 3.2624  
        render_blocks:core/FRAME:if:and#11.itm                                                                                                                        0.0000 3.2624  
        render_blocks:core/FRAME:exs#14                                                                                                                               0.0000 3.2624  
        render_blocks:core/FRAME:exs#15                                                                                                                               0.0000 3.2624  
        render_blocks:core/slc(FRAME:exs#15)#1                                                                                                                        0.0000 3.2624  
        render_blocks:core/slc(FRAME:exs#15)#1.itm                                                                                                                    0.0000 3.2624  
        render_blocks:core/exs#7                                                                                                                                      0.0000 3.2624  
        render_blocks:core/exs#7.itm                                                                                                                                  0.0000 3.2624  
        render_blocks:core/FRAME:or#7                            mgc_or_10_5                                                                                          0.6220 3.8844  
        render_blocks:core/FRAME:or#7.itm                                                                                                                             0.0000 3.8844  
        render_blocks:core/reg(video_out:rsc:mgc_out_stdreg.d)#2 mgc_reg_pos_10_1_0_0_0_1_1                                                                           0.0000 3.8844  
                                                                                                                                                                                     
      9                                                          render_blocks:core/blocks:rsc:mgc_in_wire.d render_blocks:core/reg(video_out:rsc:mgc_out_stdreg.d)#2 3.8844 16.1156 
                                                                                                                                                                                     
        Instance                                                 Component                                                                                            Delta  Delay   
        --------                                                 ---------                                                                                            -----  -----   
        render_blocks:core/blocks:rsc:mgc_in_wire.d                                                                                                                   0.0000 0.0000  
        render_blocks:core/slc(blocks:rsc:mgc_in_wire.d)#6                                                                                                            0.0000 0.0000  
        render_blocks:core/slc(blocks:rsc:mgc_in_wire.d)#6.itm                                                                                                        0.0000 0.0000  
        render_blocks:core/FRAME-4:box_y:not                     mgc_not_10                                                                                           0.0000 0.0000  
        render_blocks:core/FRAME-4:box_y:not.itm                                                                                                                      0.0000 0.0000  
        render_blocks:core/FRAME:if:acc#17                       mgc_add_10_0_10_0_11                                                                                 1.3014 1.3014  
        render_blocks:core/FRAME:if:acc#17.itm                                                                                                                        0.0000 1.3014  
        render_blocks:core/FRAME-4:if:acc#2                      mgc_add_12_0_11_0_12                                                                                 1.4359 2.7374  
        render_blocks:core/FRAME-4:if:acc#2.itm                                                                                                                       0.0000 2.7374  
        render_blocks:core/FRAME-4:aif#2:slc                                                                                                                          0.0000 2.7374  
        render_blocks:core/FRAME-4:aif#2:slc.itm                                                                                                                      0.0000 2.7374  
        render_blocks:core/FRAME:if:and#11                       mgc_and_1_4                                                                                          0.5250 3.2624  
        render_blocks:core/FRAME:if:and#11.itm                                                                                                                        0.0000 3.2624  
        render_blocks:core/FRAME:exs#14                                                                                                                               0.0000 3.2624  
        render_blocks:core/FRAME:exs#15                                                                                                                               0.0000 3.2624  
        render_blocks:core/slc(FRAME:exs#15)#1                                                                                                                        0.0000 3.2624  
        render_blocks:core/slc(FRAME:exs#15)#1.itm                                                                                                                    0.0000 3.2624  
        render_blocks:core/exs#7                                                                                                                                      0.0000 3.2624  
        render_blocks:core/exs#7.itm                                                                                                                                  0.0000 3.2624  
        render_blocks:core/FRAME:or#7                            mgc_or_10_5                                                                                          0.6220 3.8844  
        render_blocks:core/FRAME:or#7.itm                                                                                                                             0.0000 3.8844  
        render_blocks:core/reg(video_out:rsc:mgc_out_stdreg.d)#2 mgc_reg_pos_10_1_0_0_0_1_1                                                                           0.0000 3.8844  
                                                                                                                                                                                     
      10                                                         render_blocks:core/vga_xy:rsc:mgc_in_wire.d render_blocks:core/reg(video_out:rsc:mgc_out_stdreg.d)#2 3.8844 16.1156 
                                                                                                                                                                                     
        Instance                                                 Component                                                                                            Delta  Delay   
        --------                                                 ---------                                                                                            -----  -----   
        render_blocks:core/vga_xy:rsc:mgc_in_wire.d                                                                                                                   0.0000 0.0000  
        render_blocks:core/slc(vga_xy:rsc:mgc_in_wire.d)#3                                                                                                            0.0000 0.0000  
        render_blocks:core/slc(vga_xy:rsc:mgc_in_wire.d)#3.itm                                                                                                        0.0000 0.0000  
        render_blocks:core/FRAME:if:acc#3                        mgc_add_10_0_10_0_11                                                                                 1.3014 1.3014  
        render_blocks:core/FRAME:if:acc#3.itm                                                                                                                         0.0000 1.3014  
        render_blocks:core/FRAME-1:if:acc                        mgc_add_12_0_11_0_12                                                                                 1.4359 2.7374  
        render_blocks:core/FRAME-1:if:acc.itm                                                                                                                         0.0000 2.7374  
        render_blocks:core/FRAME-1:aif:slc                                                                                                                            0.0000 2.7374  
        render_blocks:core/FRAME-1:aif:slc.itm                                                                                                                        0.0000 2.7374  
        render_blocks:core/FRAME:if:and#2                        mgc_and_1_4                                                                                          0.5250 3.2624  
        render_blocks:core/FRAME:if:and#2.itm                                                                                                                         0.0000 3.2624  
        render_blocks:core/FRAME:exs#8                                                                                                                                0.0000 3.2624  
        render_blocks:core/FRAME:exs#9                                                                                                                                0.0000 3.2624  
        render_blocks:core/slc(FRAME:exs#9)#1                                                                                                                         0.0000 3.2624  
        render_blocks:core/slc(FRAME:exs#9)#1.itm                                                                                                                     0.0000 3.2624  
        render_blocks:core/exs#1                                                                                                                                      0.0000 3.2624  
        render_blocks:core/exs#1.itm                                                                                                                                  0.0000 3.2624  
        render_blocks:core/FRAME:or#7                            mgc_or_10_5                                                                                          0.6220 3.8844  
        render_blocks:core/FRAME:or#7.itm                                                                                                                             0.0000 3.8844  
        render_blocks:core/reg(video_out:rsc:mgc_out_stdreg.d)#2 mgc_reg_pos_10_1_0_0_0_1_1                                                                           0.0000 3.8844  
                                                                                                                                                                                     
      
    Register Input and Register-to-Output Slack
      Clock period or pin-to-reg delay constraint (clk): 20.0
      Clock uncertainty constraint (clk)               : 0.0
      
      Instance                                                 Port                                    Slack (Delay) Messages 
      -------------------------------------------------------- ------------------------------------- ------- ------- --------
      render_blocks:core/reg(video_out:rsc:mgc_out_stdreg.d)   FRAME:or#6.itm                        16.1156  3.8844          
      render_blocks:core/reg(video_out:rsc:mgc_out_stdreg.d)#1 slc(video_in:rsc:mgc_in_wire.d)#1.itm 20.0000  0.0000          
      render_blocks:core/reg(video_out:rsc:mgc_out_stdreg.d)#2 FRAME:or#7.itm                        16.1156  3.8844          
      render_blocks                                            video_out:rsc.z                       20.0000  0.0000          
      
  Operator Bitwidth Summary
    Operation  Size (bits) Count 
    ---------- ----------- -----
    add                          
    -                   12    16 
    -                   11     8 
    and                          
    -                    4     4 
    not                          
    -                   10    16 
    or                           
    -                    5     2 
    read_port                    
    -                   80     1 
    -                   30     1 
    -                   20     1 
    reg                          
    -                   10     3 
    write_port                   
    -                   30     1 
    
  End of Report
